<?xml version="1.0" encoding="UTF-8"?>
<testsuite name="ServicesApiTest" tests="4" skipped="0" failures="0" errors="0" timestamp="2021-03-05T11:18:38" hostname="DESKTOP-SQ0BGGD" time="6.742">
  <properties/>
  <testcase name="getDetails_getProducts()" classname="ServicesApiTest" time="2.828">
    <system-out><![CDATA[16:48:38.971 - [ServicesApiClient] INFO  : Initiated com.petclinic.api.onlineshopcontroller.ServicesApiClient instance
16:48:38.982 - [ApiCaller] INFO  : Request:
Request URI:	http://petclinicapi.e46708b92c054086909b.eastus.aksapp.io/petclinic/api/shop/getproducts
Body:			<none>
16:48:39.958 - [ApiCaller] INFO  : Response:
HTTP/1.1 200 
[{"id":1,"name":"Kennel Kitchen","amount":635.00,"currency":"$"},{"id":2,"name":"Velcote Liquid","amount":318.00,"currency":"$"},{"id":3,"name":"Pedigree PRO","amount":923.00,"currency":"$"},{"id":4,"name":"Velcote Premium","amount":318.00,"currency":"$"},{"id":5,"name":"Mantra Kismis","amount":63.00,"currency":"$"},{"id":6,"name":"Haldiram Noodles","amount":320.00,"currency":"$"},{"id":7,"name":"Bingo Mad Angles ","amount":912.00,"currency":"$"},{"id":8,"name":"Bikani Rasogolla","amount":318.00,"currency":"$"}]

 The response is  Response{name='Kennel Kitchen', currency='$'}
16:48:40.023 - [ApiCaller] INFO  : Request:
Request URI:	http://petclinicapi.e46708b92c054086909b.eastus.aksapp.io/petclinic/api/shop/getproducts
Body:			<none>
16:48:40.569 - [ApiCaller] INFO  : Response:
HTTP/1.1 200 
[{"id":1,"name":"Kennel Kitchen","amount":635.00,"currency":"$"},{"id":2,"name":"Velcote Liquid","amount":318.00,"currency":"$"},{"id":3,"name":"Pedigree PRO","amount":923.00,"currency":"$"},{"id":4,"name":"Velcote Premium","amount":318.00,"currency":"$"},{"id":5,"name":"Mantra Kismis","amount":63.00,"currency":"$"},{"id":6,"name":"Haldiram Noodles","amount":320.00,"currency":"$"},{"id":7,"name":"Bingo Mad Angles ","amount":912.00,"currency":"$"},{"id":8,"name":"Bikani Rasogolla","amount":318.00,"currency":"$"}]
]]></system-out>
    <system-err><![CDATA[]]></system-err>
  </testcase>
  <testcase name="getDetails_orderSummary()" classname="ServicesApiTest" time="1.769">
    <system-out><![CDATA[16:48:41.197 - [ServicesApiClient] INFO  : Initiated com.petclinic.api.onlineshopcontroller.ServicesApiClient instance
16:48:41.206 - [ApiCaller] INFO  : Request:
Request URI:	http://petclinicapi.e46708b92c054086909b.eastus.aksapp.io/petclinic/api/shop/addtocart/
Body:
{"name":"Goat","currency":"$","id":93,"amount":451}
16:48:41.756 - [ApiCaller] INFO  : Response:
HTTP/1.1 200 
{"id":93,"name":"Goat","amount":451,"quantity":1,"currency":"$"}
16:48:41.758 - [ServicesApiClient] INFO  : Initiated com.petclinic.api.onlineshopcontroller.ServicesApiClient instance
16:48:41.758 - [ApiCaller] INFO  : Request:
Request URI:	http://petclinicapi.e46708b92c054086909b.eastus.aksapp.io/petclinic/api/shop/ordersummary
Body:			<none>
16:48:42.299 - [ApiCaller] INFO  : Response:
HTTP/1.1 200 
{"cart":[{"id":4,"name":"TestOrderSummary","amount":500.00,"quantity":1,"currency":"$"},{"id":93,"name":"Goat","amount":451.00,"quantity":1,"currency":"$"}],"totalAmount":951.00}
16:48:42.301 - [ApiCaller] INFO  : Request:
Request URI:	http://petclinicapi.e46708b92c054086909b.eastus.aksapp.io/petclinic/api/shop/ordersummary
Body:			<none>
16:48:42.853 - [ApiCaller] INFO  : Response:
HTTP/1.1 200 
{"cart":[{"id":4,"name":"TestOrderSummary","amount":500.00,"quantity":1,"currency":"$"},{"id":93,"name":"Goat","amount":451.00,"quantity":1,"currency":"$"}],"totalAmount":951.00}
The total amount in order summary is 951.0
]]></system-out>
    <system-err><![CDATA[]]></system-err>
  </testcase>
  <testcase name="addDetails_addToCart()" classname="ServicesApiTest" time="0.56">
    <system-out><![CDATA[16:48:42.968 - [ServicesApiClient] INFO  : Initiated com.petclinic.api.onlineshopcontroller.ServicesApiClient instance
16:48:42.969 - [ApiCaller] INFO  : Request:
Request URI:	http://petclinicapi.e46708b92c054086909b.eastus.aksapp.io/petclinic/api/shop/addtocart/
Body:
{"name":"Goat","currency":"$","id":91,"amount":451}
16:48:43.521 - [ApiCaller] INFO  : Response:
HTTP/1.1 200 
{"id":91,"name":"Goat","amount":451,"quantity":1,"currency":"$"}
]]></system-out>
    <system-err><![CDATA[]]></system-err>
  </testcase>
  <testcase name="clearCart_removingProduct()" classname="ServicesApiTest" time="1.578">
    <system-out><![CDATA[16:48:43.532 - [ServicesApiClient] INFO  : Initiated com.petclinic.api.onlineshopcontroller.ServicesApiClient instance
16:48:43.533 - [ApiCaller] INFO  : Request:
Request URI:	http://petclinicapi.e46708b92c054086909b.eastus.aksapp.io/petclinic/api/shop/clearcart/
Body:			<none>
16:48:44.040 - [ApiCaller] INFO  : Response:
HTTP/1.1 200 
Cart empty.
16:48:44.041 - [ApiCaller] INFO  : Request:
Request URI:	http://petclinicapi.e46708b92c054086909b.eastus.aksapp.io/petclinic/api/shop/clearcart/
Body:			<none>
16:48:44.560 - [ApiCaller] INFO  : Response:
HTTP/1.1 400 
{"className":"org.springframework.web.HttpRequestMethodNotSupportedException","exMessage":"Request method 'GET' not supported"}
16:48:44.562 - [ServicesApiClient] INFO  : Initiated com.petclinic.api.onlineshopcontroller.ServicesApiClient instance
16:48:44.562 - [ApiCaller] INFO  : Request:
Request URI:	http://petclinicapi.e46708b92c054086909b.eastus.aksapp.io/petclinic/api/shop/ordersummary
Body:			<none>
16:48:45.093 - [ApiCaller] INFO  : Response:
HTTP/1.1 200 
{"cart":[],"totalAmount":0}
]]></system-out>
    <system-err><![CDATA[]]></system-err>
  </testcase>
  <system-out><![CDATA[]]></system-out>
  <system-err><![CDATA[]]></system-err>
</testsuite>
