<?xml version="1.0" encoding="UTF-8"?>
<testsuite name="ServicesApiTest" tests="4" skipped="0" failures="0" errors="0" timestamp="2021-03-12T05:56:37" hostname="DESKTOP-SQ0BGGD" time="6.76">
  <properties/>
  <testcase name="getDetails_getProducts()" classname="ServicesApiTest" time="2.813">
    <system-out><![CDATA[11:26:38.460 - [ServicesApiClient] INFO  : Initiated com.petclinic.api.onlineshopcontroller.ServicesApiClient instance
11:26:38.476 - [ApiCaller] INFO  : Request:
Request URI:	http://petclinicapi.e46708b92c054086909b.eastus.aksapp.io/petclinic/api/shop/getproducts
Body:			<none>
11:26:39.446 - [ApiCaller] INFO  : Response:
HTTP/1.1 200 
[{"id":1,"name":"Kennel Kitchen","amount":635.00,"currency":"$"},{"id":2,"name":"Velcote Liquid","amount":318.00,"currency":"$"},{"id":3,"name":"Pedigree PRO","amount":923.00,"currency":"$"},{"id":4,"name":"Velcote Premium","amount":318.00,"currency":"$"},{"id":5,"name":"Mantra Kismis","amount":63.00,"currency":"$"},{"id":6,"name":"Haldiram Noodles","amount":320.00,"currency":"$"},{"id":7,"name":"Bingo Mad Angles ","amount":912.00,"currency":"$"},{"id":8,"name":"Bikani Rasogolla","amount":318.00,"currency":"$"}]

 The response is  Response{name='Kennel Kitchen', currency='$'}
11:26:39.515 - [ApiCaller] INFO  : Request:
Request URI:	http://petclinicapi.e46708b92c054086909b.eastus.aksapp.io/petclinic/api/shop/getproducts
Body:			<none>
11:26:40.064 - [ApiCaller] INFO  : Response:
HTTP/1.1 200 
[{"id":1,"name":"Kennel Kitchen","amount":635.00,"currency":"$"},{"id":2,"name":"Velcote Liquid","amount":318.00,"currency":"$"},{"id":3,"name":"Pedigree PRO","amount":923.00,"currency":"$"},{"id":4,"name":"Velcote Premium","amount":318.00,"currency":"$"},{"id":5,"name":"Mantra Kismis","amount":63.00,"currency":"$"},{"id":6,"name":"Haldiram Noodles","amount":320.00,"currency":"$"},{"id":7,"name":"Bingo Mad Angles ","amount":912.00,"currency":"$"},{"id":8,"name":"Bikani Rasogolla","amount":318.00,"currency":"$"}]
]]></system-out>
    <system-err><![CDATA[]]></system-err>
  </testcase>
  <testcase name="getDetails_orderSummary()" classname="ServicesApiTest" time="1.821">
    <system-out><![CDATA[11:26:40.648 - [ServicesApiClient] INFO  : Initiated com.petclinic.api.onlineshopcontroller.ServicesApiClient instance
11:26:40.662 - [ApiCaller] INFO  : Request:
Request URI:	http://petclinicapi.e46708b92c054086909b.eastus.aksapp.io/petclinic/api/shop/addtocart/
Body:
{"name":"Goat","currency":"$","id":93,"amount":451}
11:26:41.234 - [ApiCaller] INFO  : Response:
HTTP/1.1 200 
{"id":93,"name":"Goat","amount":451,"quantity":1,"currency":"$"}
11:26:41.234 - [ServicesApiClient] INFO  : Initiated com.petclinic.api.onlineshopcontroller.ServicesApiClient instance
11:26:41.234 - [ApiCaller] INFO  : Request:
Request URI:	http://petclinicapi.e46708b92c054086909b.eastus.aksapp.io/petclinic/api/shop/ordersummary
Body:			<none>
11:26:41.803 - [ApiCaller] INFO  : Response:
HTTP/1.1 200 
{"cart":[{"id":24,"name":"ball","amount":100.00,"quantity":1,"currency":"$"},{"id":93,"name":"Goat","amount":451.00,"quantity":1,"currency":"$"}],"totalAmount":551.00}
11:26:41.803 - [ApiCaller] INFO  : Request:
Request URI:	http://petclinicapi.e46708b92c054086909b.eastus.aksapp.io/petclinic/api/shop/ordersummary
Body:			<none>
11:26:42.351 - [ApiCaller] INFO  : Response:
HTTP/1.1 200 
{"cart":[{"id":24,"name":"ball","amount":100.00,"quantity":1,"currency":"$"},{"id":93,"name":"Goat","amount":451.00,"quantity":1,"currency":"$"}],"totalAmount":551.00}
The total amount in order summary is 551.0
]]></system-out>
    <system-err><![CDATA[]]></system-err>
  </testcase>
  <testcase name="addDetails_addToCart()" classname="ServicesApiTest" time="0.562">
    <system-out><![CDATA[11:26:42.466 - [ServicesApiClient] INFO  : Initiated com.petclinic.api.onlineshopcontroller.ServicesApiClient instance
11:26:42.466 - [ApiCaller] INFO  : Request:
Request URI:	http://petclinicapi.e46708b92c054086909b.eastus.aksapp.io/petclinic/api/shop/addtocart/
Body:
{"name":"Goat","currency":"$","id":91,"amount":451}
11:26:43.021 - [ApiCaller] INFO  : Response:
HTTP/1.1 200 
{"id":91,"name":"Goat","amount":451,"quantity":1,"currency":"$"}
]]></system-out>
    <system-err><![CDATA[]]></system-err>
  </testcase>
  <testcase name="clearCart_removingProduct()" classname="ServicesApiTest" time="1.559">
    <system-out><![CDATA[11:26:43.037 - [ServicesApiClient] INFO  : Initiated com.petclinic.api.onlineshopcontroller.ServicesApiClient instance
11:26:43.037 - [ApiCaller] INFO  : Request:
Request URI:	http://petclinicapi.e46708b92c054086909b.eastus.aksapp.io/petclinic/api/shop/clearcart/
Body:			<none>
11:26:43.538 - [ApiCaller] INFO  : Response:
HTTP/1.1 200 
Cart empty.
11:26:43.538 - [ApiCaller] INFO  : Request:
Request URI:	http://petclinicapi.e46708b92c054086909b.eastus.aksapp.io/petclinic/api/shop/clearcart/
Body:			<none>
11:26:44.025 - [ApiCaller] INFO  : Response:
HTTP/1.1 400 
{"className":"org.springframework.web.HttpRequestMethodNotSupportedException","exMessage":"Request method 'GET' not supported"}
11:26:44.040 - [ServicesApiClient] INFO  : Initiated com.petclinic.api.onlineshopcontroller.ServicesApiClient instance
11:26:44.040 - [ApiCaller] INFO  : Request:
Request URI:	http://petclinicapi.e46708b92c054086909b.eastus.aksapp.io/petclinic/api/shop/ordersummary
Body:			<none>
11:26:44.592 - [ApiCaller] INFO  : Response:
HTTP/1.1 200 
{"cart":[],"totalAmount":0}
]]></system-out>
    <system-err><![CDATA[]]></system-err>
  </testcase>
  <system-out><![CDATA[]]></system-out>
  <system-err><![CDATA[]]></system-err>
</testsuite>
